TN:
SF:src/models/Frame.ts
FN:10,(anonymous_1)
FNF:1
FNH:1
FNDA:1,(anonymous_1)
DA:1,1
DA:3,1
DA:5,1
DA:11,1
DA:15,1
LF:5
LH:5
BRDA:10,0,0,1
BRF:1
BRH:1
end_of_record
TN:
SF:src/models/Lens.ts
FN:11,(anonymous_1)
FNF:1
FNH:1
FNDA:1,(anonymous_1)
DA:1,1
DA:3,1
DA:5,1
DA:12,1
DA:16,1
LF:5
LH:5
BRDA:11,0,0,1
BRF:1
BRH:1
end_of_record
TN:
SF:src/models/MongoModel.ts
FN:7,(anonymous_0)
FN:11,(anonymous_1)
FN:15,(anonymous_2)
FNF:3
FNH:3
FNDA:2,(anonymous_0)
FNDA:2,(anonymous_1)
FNDA:4,(anonymous_2)
DA:1,1
DA:8,2
DA:12,2
DA:16,4
DA:17,2
DA:21,1
LF:6
LH:6
BRDA:16,0,0,2
BRDA:16,0,1,2
BRF:2
BRH:2
end_of_record
